0 info it worked if it ends with ok
1 verbose cli [ '/usr/bin/nodejs', '/usr/bin/npm', 'install', '-g', 'api-mock' ]
2 info using npm@2.15.9
3 info using node@v4.5.0
4 verbose install initial load of /usr/lib/package.json
5 verbose readDependencies loading dependencies from /usr/lib/package.json
6 silly cache add args [ 'api-mock', null ]
7 verbose cache add spec api-mock
8 silly cache add parsed spec Result {
8 silly cache add   raw: 'api-mock',
8 silly cache add   scope: null,
8 silly cache add   name: 'api-mock',
8 silly cache add   rawSpec: '',
8 silly cache add   spec: 'latest',
8 silly cache add   type: 'tag' }
9 silly addNamed api-mock@latest
10 verbose addNamed "latest" is being treated as a dist-tag for api-mock
11 info addNameTag [ 'api-mock', 'latest' ]
12 silly mapToRegistry name api-mock
13 silly mapToRegistry using default registry
14 silly mapToRegistry registry https://registry.npmjs.org/
15 silly mapToRegistry data Result {
15 silly mapToRegistry   raw: 'api-mock',
15 silly mapToRegistry   scope: null,
15 silly mapToRegistry   name: 'api-mock',
15 silly mapToRegistry   rawSpec: '',
15 silly mapToRegistry   spec: 'latest',
15 silly mapToRegistry   type: 'tag' }
16 silly mapToRegistry uri https://registry.npmjs.org/api-mock
17 verbose addNameTag registry:https://registry.npmjs.org/api-mock not in flight; fetching
18 verbose request uri https://registry.npmjs.org/api-mock
19 verbose request no auth needed
20 info attempt registry request try #1 at 09:29:25
21 verbose request id 2b69839674ce09a3
22 http request GET https://registry.npmjs.org/api-mock
23 http 200 https://registry.npmjs.org/api-mock
24 verbose headers { server: 'CouchDB/1.5.0 (Erlang OTP/R16B03)',
24 verbose headers   etag: '"DRHPSZF3G6O4QKKRX2J6AHQ94"',
24 verbose headers   'content-type': 'application/json',
24 verbose headers   'content-encoding': 'gzip',
24 verbose headers   'cache-control': 'max-age=300',
24 verbose headers   'content-length': '3665',
24 verbose headers   'accept-ranges': 'bytes',
24 verbose headers   date: 'Wed, 14 Sep 2016 12:30:18 GMT',
24 verbose headers   via: '1.1 varnish',
24 verbose headers   age: '0',
24 verbose headers   connection: 'keep-alive',
24 verbose headers   'x-served-by': 'cache-gru7127-GRU',
24 verbose headers   'x-cache': 'MISS',
24 verbose headers   'x-cache-hits': '0',
24 verbose headers   'x-timer': 'S1473856217.736904,VS0,VE802',
24 verbose headers   vary: 'Accept-Encoding' }
25 silly get cb [ 200,
25 silly get   { server: 'CouchDB/1.5.0 (Erlang OTP/R16B03)',
25 silly get     etag: '"DRHPSZF3G6O4QKKRX2J6AHQ94"',
25 silly get     'content-type': 'application/json',
25 silly get     'content-encoding': 'gzip',
25 silly get     'cache-control': 'max-age=300',
25 silly get     'content-length': '3665',
25 silly get     'accept-ranges': 'bytes',
25 silly get     date: 'Wed, 14 Sep 2016 12:30:18 GMT',
25 silly get     via: '1.1 varnish',
25 silly get     age: '0',
25 silly get     connection: 'keep-alive',
25 silly get     'x-served-by': 'cache-gru7127-GRU',
25 silly get     'x-cache': 'MISS',
25 silly get     'x-cache-hits': '0',
25 silly get     'x-timer': 'S1473856217.736904,VS0,VE802',
25 silly get     vary: 'Accept-Encoding' } ]
26 verbose get saving api-mock to /home/gabriel/.npm/registry.npmjs.org/api-mock/.cache.json
27 verbose correctMkdir /home/gabriel/.npm correctMkdir not in flight; initializing
28 verbose makeDirectory /home/gabriel/.npm creation not in flight; initializing
29 silly makeDirectory /home/gabriel/.npm uid: 1003 gid: 1003
30 silly addNameTag next cb for api-mock with tag latest
31 silly addNamed api-mock@0.3.2
32 verbose addNamed "0.3.2" is a plain semver version for api-mock
33 silly mapToRegistry name api-mock
34 silly mapToRegistry using default registry
35 silly mapToRegistry registry https://registry.npmjs.org/
36 silly mapToRegistry data Result {
36 silly mapToRegistry   raw: 'api-mock',
36 silly mapToRegistry   scope: null,
36 silly mapToRegistry   name: 'api-mock',
36 silly mapToRegistry   rawSpec: '',
36 silly mapToRegistry   spec: 'latest',
36 silly mapToRegistry   type: 'tag' }
37 silly mapToRegistry uri https://registry.npmjs.org/api-mock
38 verbose addRemoteTarball https://registry.npmjs.org/api-mock/-/api-mock-0.3.2.tgz not in flight; adding
39 verbose addRemoteTarball [ 'https://registry.npmjs.org/api-mock/-/api-mock-0.3.2.tgz',
39 verbose addRemoteTarball   '0c21eb7b20e98f4eaa7330ae74e478611f746ebc' ]
40 info retry fetch attempt 1 at 09:29:27
41 info attempt registry request try #1 at 09:29:27
42 http fetch GET https://registry.npmjs.org/api-mock/-/api-mock-0.3.2.tgz
43 http fetch 200 https://registry.npmjs.org/api-mock/-/api-mock-0.3.2.tgz
44 silly fetchAndShaCheck shasum 0c21eb7b20e98f4eaa7330ae74e478611f746ebc
45 verbose addTmpTarball /tmp/npm-14033-be7d248b/registry.npmjs.org/api-mock/-/api-mock-0.3.2.tgz not in flight; adding
46 verbose addTmpTarball already have metadata; skipping unpack for api-mock@0.3.2
47 verbose correctMkdir /home/gabriel/.npm correctMkdir not in flight; initializing
48 silly cache afterAdd api-mock@0.3.2
49 verbose afterAdd /home/gabriel/.npm/api-mock/0.3.2/package/package.json not in flight; writing
50 verbose correctMkdir /home/gabriel/.npm correctMkdir not in flight; initializing
51 verbose afterAdd /home/gabriel/.npm/api-mock/0.3.2/package/package.json written
52 silly install resolved [ { name: 'api-mock',
52 silly install resolved     version: '0.3.2',
52 silly install resolved     description: 'A mock server generated from your API Blueprint.',
52 silly install resolved     author: { name: 'Evan Cordell', email: 'cordell.evan@gmail.com' },
52 silly install resolved     main: 'lib/api-mock.js',
52 silly install resolved     bin: { 'api-mock': 'bin/api-mock' },
52 silly install resolved     scripts:
52 silly install resolved      { test: 'scripts/test',
52 silly install resolved        build: 'scripts/build',
52 silly install resolved        prepublish: 'scripts/prepublish' },
52 silly install resolved     dependencies:
52 silly install resolved      { protagonist: '~1.2.5',
52 silly install resolved        optimist: '~0.6.0',
52 silly install resolved        express: '~3.4.7',
52 silly install resolved        'uri-template': '~1.0.0',
52 silly install resolved        winston: '~2.1.1' },
52 silly install resolved     devDependencies:
52 silly install resolved      { 'coffee-script': '1.6.3',
52 silly install resolved        'coffee-errors': '~0.8.4',
52 silly install resolved        mocha: '1.17.0',
52 silly install resolved        chai: '~1.9.0',
52 silly install resolved        'coffee-coverage': '0.4.1',
52 silly install resolved        jscoverage: '0.3.8',
52 silly install resolved        coveralls: '~2.8.0',
52 silly install resolved        'mocha-lcov-reporter': '0.0.1',
52 silly install resolved        codo: '2.0.3',
52 silly install resolved        sinon: '~1.9.0',
52 silly install resolved        nock: '~0.27.1',
52 silly install resolved        proxyquire: '~1.0.1',
52 silly install resolved        supertest: '~0.13.0' },
52 silly install resolved     repository:
52 silly install resolved      { type: 'git',
52 silly install resolved        url: 'git+https://github.com/localmed/api-mock.git' },
52 silly install resolved     keywords:
52 silly install resolved      [ 'api',
52 silly install resolved        'test',
52 silly install resolved        'testing',
52 silly install resolved        'documenation',
52 silly install resolved        'integration',
52 silly install resolved        'acceptance',
52 silly install resolved        'server',
52 silly install resolved        'stub' ],
52 silly install resolved     license: 'MIT',
52 silly install resolved     engine: 'node >= 4.0',
52 silly install resolved     gitHead: '579f5eabba7abe060a314efd77d5f5eaf0e9f373',
52 silly install resolved     bugs: { url: 'https://github.com/localmed/api-mock/issues' },
52 silly install resolved     homepage: 'https://github.com/localmed/api-mock#readme',
52 silly install resolved     _id: 'api-mock@0.3.2',
52 silly install resolved     _shasum: '0c21eb7b20e98f4eaa7330ae74e478611f746ebc',
52 silly install resolved     _from: 'api-mock@latest',
52 silly install resolved     _npmVersion: '3.3.12',
52 silly install resolved     _nodeVersion: '5.4.0',
52 silly install resolved     _npmUser: { name: 'ecordell', email: 'cordell.evan@gmail.com' },
52 silly install resolved     dist:
52 silly install resolved      { shasum: '0c21eb7b20e98f4eaa7330ae74e478611f746ebc',
52 silly install resolved        tarball: 'https://registry.npmjs.org/api-mock/-/api-mock-0.3.2.tgz' },
52 silly install resolved     maintainers: [ [Object] ],
52 silly install resolved     _npmOperationalInternal:
52 silly install resolved      { host: 'packages-5-east.internal.npmjs.com',
52 silly install resolved        tmp: 'tmp/api-mock-0.3.2.tgz_1455833469979_0.6831900770775974' },
52 silly install resolved     directories: {},
52 silly install resolved     _resolved: 'https://registry.npmjs.org/api-mock/-/api-mock-0.3.2.tgz' } ]
53 info install api-mock@0.3.2 into /usr/lib
54 info installOne api-mock@0.3.2
55 verbose installOne of api-mock to /usr/lib not in flight; installing
56 verbose correctMkdir /home/gabriel/.npm/_locks correctMkdir not in flight; initializing
57 verbose makeDirectory /home/gabriel/.npm/_locks creation not in flight; initializing
58 silly makeDirectory /home/gabriel/.npm/_locks uid: 1003 gid: 1003
59 verbose lock using /home/gabriel/.npm/_locks/api-mock-d2dbaec85a97e49d.lock for /usr/lib/node_modules/api-mock
60 silly install write writing api-mock 0.3.2 to /usr/lib/node_modules/api-mock
61 verbose unbuild lib/node_modules/api-mock
62 silly gentlyRm /usr/lib/node_modules/api-mock is being purged from base /usr
63 verbose gentlyRm don't care about contents; nuking /usr/lib/node_modules/api-mock
64 verbose tar unpack /home/gabriel/.npm/api-mock/0.3.2/package.tgz
65 verbose tar unpacking to /usr/lib/node_modules/api-mock
66 silly gentlyRm /usr/lib/node_modules/api-mock is being purged
67 verbose gentlyRm don't care about contents; nuking /usr/lib/node_modules/api-mock
68 silly gunzTarPerm modes [ '775', '664' ]
69 error tar.unpack untar error /home/gabriel/.npm/api-mock/0.3.2/package.tgz
70 verbose unlock done using /home/gabriel/.npm/_locks/api-mock-d2dbaec85a97e49d.lock for /usr/lib/node_modules/api-mock
71 verbose fstream_path /usr/lib/node_modules/api-mock
72 verbose fstream_type Directory
73 verbose fstream_class DirWriter
74 verbose stack Error: EACCES: permission denied, mkdir '/usr/lib/node_modules/api-mock'
74 verbose stack     at Error (native)
75 verbose fstream_stack /usr/lib/node_modules/npm/node_modules/fstream/lib/dir-writer.js:35:25
75 verbose fstream_stack /usr/lib/node_modules/npm/node_modules/mkdirp/index.js:47:53
75 verbose fstream_stack FSReqWrap.oncomplete (fs.js:82:15)
76 verbose cwd /home/gabriel/workspaceLenovo/xclarity_client
77 error Linux 4.4.0-36-generic
78 error argv "/usr/bin/nodejs" "/usr/bin/npm" "install" "-g" "api-mock"
79 error node v4.5.0
80 error npm  v2.15.9
81 error path /usr/lib/node_modules/api-mock
82 error code EACCES
83 error errno -13
84 error syscall mkdir
85 error Error: EACCES: permission denied, mkdir '/usr/lib/node_modules/api-mock'
85 error     at Error (native)
85 error  { [Error: EACCES: permission denied, mkdir '/usr/lib/node_modules/api-mock']
85 error   errno: -13,
85 error   code: 'EACCES',
85 error   syscall: 'mkdir',
85 error   path: '/usr/lib/node_modules/api-mock',
85 error   fstream_type: 'Directory',
85 error   fstream_path: '/usr/lib/node_modules/api-mock',
85 error   fstream_class: 'DirWriter',
85 error   fstream_stack:
85 error    [ '/usr/lib/node_modules/npm/node_modules/fstream/lib/dir-writer.js:35:25',
85 error      '/usr/lib/node_modules/npm/node_modules/mkdirp/index.js:47:53',
85 error      'FSReqWrap.oncomplete (fs.js:82:15)' ] }
86 error Please try running this command again as root/Administrator.
87 verbose exit [ -13, true ]
88 verbose unbuild lib/node_modules/api-mock
89 silly gentlyRm /usr/lib/node_modules/api-mock is being purged from base /usr
90 verbose gentlyRm don't care about contents; nuking /usr/lib/node_modules/api-mock
